[debug] [2018-04-09T14:18:17.640Z] ----------------------------------------------------------------------
[debug] [2018-04-09T14:18:17.642Z] Command:       C:\Program Files\nodejs\node.exe C:\Users\rodolfo.martins.PLING\AppData\Roaming\npm\node_modules\firebase-tools\bin\firebase serve --only functions,hosting
[debug] [2018-04-09T14:18:17.642Z] CLI Version:   3.18.2
[debug] [2018-04-09T14:18:17.642Z] Platform:      win32
[debug] [2018-04-09T14:18:17.642Z] Node Version:  v8.8.1
[debug] [2018-04-09T14:18:17.643Z] Time:          Mon Apr 09 2018 11:18:17 GMT-0300 (Hora oficial do Brasil)
[debug] [2018-04-09T14:18:17.643Z] ----------------------------------------------------------------------
[debug] 
[debug] [2018-04-09T14:18:17.654Z] > command requires scopes: ["email","openid","https://www.googleapis.com/auth/cloudplatformprojects.readonly","https://www.googleapis.com/auth/firebase","https://www.googleapis.com/auth/cloud-platform"]
[debug] [2018-04-09T14:18:17.655Z] > authorizing via signed-in user
[debug] [2018-04-09T14:18:17.657Z] >>> HTTP REQUEST GET https://admin.firebase.com/v1/projects/certisign-c342c  
  
 Mon Apr 09 2018 11:18:17 GMT-0300 (Hora oficial do Brasil)
[debug] [2018-04-09T14:18:18.851Z] <<< HTTP RESPONSE 200
[debug] [2018-04-09T14:18:18.852Z] >>> HTTP REQUEST GET https://admin.firebase.com/v1/database/certisign-c342c/tokens  
  
 Mon Apr 09 2018 11:18:18 GMT-0300 (Hora oficial do Brasil)
[debug] [2018-04-09T14:18:19.574Z] <<< HTTP RESPONSE 200
[debug] [2018-04-09T14:18:19.575Z] >>> HTTP REQUEST GET https://cloudresourcemanager.googleapis.com/v1/projects/certisign-c342c  
  
 Mon Apr 09 2018 11:18:19 GMT-0300 (Hora oficial do Brasil)
[debug] [2018-04-09T14:18:20.477Z] <<< HTTP RESPONSE 200
[info] 
[info] === Serving from 'C:\projetoGitHub\certisign'...
[info] 
[info] i  functions: Preparing to emulate functions.
[debug] [2018-04-09T14:18:21.401Z] Fetching environment
[debug] [2018-04-09T14:18:21.403Z] >>> HTTP REQUEST GET https://mobilesdk-pa.googleapis.com/v1/projects/917936955307:getServerAppConfig  
  
 Mon Apr 09 2018 11:18:21 GMT-0300 (Hora oficial do Brasil)
[debug] [2018-04-09T14:18:21.403Z] >>> HTTP REQUEST GET https://mobilesdk-pa.googleapis.com/v1/projects/917936955307/clients/_:getWebAppConfig  
  
 Mon Apr 09 2018 11:18:21 GMT-0300 (Hora oficial do Brasil)
[debug] [2018-04-09T14:18:21.991Z] <<< HTTP RESPONSE 200
[debug] [2018-04-09T14:18:22.071Z] <<< HTTP RESPONSE 200
[debug] [2018-04-09T14:18:22.071Z] Starting @google-cloud/functions-emulator
[info] i  hosting: Serving hosting files from: public
[info] +  hosting: Local server: http://localhost:5000

[debug] [2018-04-09T14:18:24.285Z] Parsing function triggers
[info] +  functions: addDownload: http://localhost:5001/certisign-c342c/us-central1/addDownload
[info] +  functions: app: http://localhost:5001/certisign-c342c/us-central1/app
[info] +  functions: getAssinantes: http://localhost:5001/certisign-c342c/us-central1/getAssinantes
[info] +  functions: addAssinantes: http://localhost:5001/certisign-c342c/us-central1/addAssinantes
